<?xml version="1.0" encoding="UTF-8"?>
<!-- Generated by org.testng.reporters.JUnitReportReporter -->
<testsuite skipped="0" hostname="DESKTOP-13SH4JS" name="com.Vtiger.Tester1" tests="1" failures="0" timestamp="2021-12-13T12:52:00 IST" time="0.014" errors="0">
  <testcase name="test" time="0.014" classname="com.Vtiger.Tester1"/>
  <system-out/>
</testsuite> <!-- com.Vtiger.Tester1 -->
